<?xml version="1.0" encoding="UTF-8"?>
<testsuite name="memory.MemoryFinderTest" tests="1" skipped="0" failures="0" errors="0" timestamp="2024-02-04T07:25:28" hostname="JongBaekui-MacBookPro.local" time="0.058">
  <properties/>
  <testcase name="get()" classname="memory.MemoryFinderTest" time="0.058"/>
  <system-out><![CDATA[memory = Memory{used=14208512, max=536870912}
]]></system-out>
  <system-err><![CDATA[]]></system-err>
</testsuite>
